app/build/intermediates/manifest_merge_blame_file/debug/manifest-merger-blame-debug-report.txt
1<?xml version="1.0" encoding="utf-8"?>
2<manifest xmlns:android="http://schemas.android.com/apk/res/android"
3    package="com.example.oya"
4    android:sharedUserId="android.uid.media"
5    android:versionCode="1"
6    android:versionName="1.0" >
7
8    <uses-sdk
9        android:minSdkVersion="24"
10        android:targetSdkVersion="33" />
11
12    <uses-feature
12-->src\main\AndroidManifest.xml:7:5-9:36
13        android:name="android.hardware.camera"
13-->src\main\AndroidManifest.xml:8:9-47
14        android:required="false" />
14-->src\main\AndroidManifest.xml:9:9-33
15
16    <uses-permission android:name="android.permission.READ_CONTACTS" />
16-->src\main\AndroidManifest.xml:11:5-72
16-->src\main\AndroidManifest.xml:11:22-69
17    <uses-permission android:name="android.permission.WRITE_CONTACTS" />
17-->src\main\AndroidManifest.xml:12:5-73
17-->src\main\AndroidManifest.xml:12:22-70
18    <uses-permission android:name="android.permission.ACCESS_NETWORK_STATE" />
18-->src\main\AndroidManifest.xml:13:5-79
18-->src\main\AndroidManifest.xml:13:22-76
19    <uses-permission android:name="android.permission.READ_PHONE_STATE" />
19-->src\main\AndroidManifest.xml:14:5-75
19-->src\main\AndroidManifest.xml:14:22-72
20    <uses-permission android:name="android.permission.INTERNET" />
20-->src\main\AndroidManifest.xml:15:5-67
20-->src\main\AndroidManifest.xml:15:22-64
21    <uses-permission android:name="android.permission.READ_EXTERNAL_STORAGE" />
21-->src\main\AndroidManifest.xml:16:5-80
21-->src\main\AndroidManifest.xml:16:22-77
22    <uses-permission android:name="android.permission.WRITE_EXTERNAL_STORAGE" />
22-->src\main\AndroidManifest.xml:17:5-81
22-->src\main\AndroidManifest.xml:17:22-78
23    <uses-permission android:name="android.permission.CAMERA" />
23-->src\main\AndroidManifest.xml:18:5-65
23-->src\main\AndroidManifest.xml:18:22-62
24    <uses-permission android:name="android.permission.VIBRATE" />
24-->src\main\AndroidManifest.xml:19:5-66
24-->src\main\AndroidManifest.xml:19:22-63
25    <uses-permission android:name="android.permission.WAKE_LOCK" />
25-->src\main\AndroidManifest.xml:20:5-68
25-->src\main\AndroidManifest.xml:20:22-65
26    <uses-permission android:name="android.permission.POST_NOTIFICATIONS" /> <!-- Required by older versions of Google Play services to create IID tokens -->
26-->[com.google.firebase:firebase-messaging:23.3.1] AndroidManifest.xml:23:5-77
26-->[com.google.firebase:firebase-messaging:23.3.1] AndroidManifest.xml:23:22-74
27    <uses-permission android:name="com.google.android.c2dm.permission.RECEIVE" />
27-->[com.google.firebase:firebase-messaging:23.3.1] AndroidManifest.xml:26:5-82
27-->[com.google.firebase:firebase-messaging:23.3.1] AndroidManifest.xml:26:22-79
28    <uses-permission android:name="com.google.android.gms.permission.AD_ID" />
28-->[com.google.android.gms:play-services-measurement-api:21.1.1] AndroidManifest.xml:25:5-79
28-->[com.google.android.gms:play-services-measurement-api:21.1.1] AndroidManifest.xml:25:22-76
29    <uses-permission android:name="com.google.android.finsky.permission.BIND_GET_INSTALL_REFERRER_SERVICE" />
29-->[com.google.android.gms:play-services-measurement:21.1.1] AndroidManifest.xml:26:5-110
29-->[com.google.android.gms:play-services-measurement:21.1.1] AndroidManifest.xml:26:22-107
30
31    <permission
31-->[androidx.core:core:1.10.1] AndroidManifest.xml:22:5-24:47
32        android:name="com.example.oya.DYNAMIC_RECEIVER_NOT_EXPORTED_PERMISSION"
32-->[androidx.core:core:1.10.1] AndroidManifest.xml:23:9-81
33        android:protectionLevel="signature" />
33-->[androidx.core:core:1.10.1] AndroidManifest.xml:24:9-44
34
35    <uses-permission android:name="com.example.oya.DYNAMIC_RECEIVER_NOT_EXPORTED_PERMISSION" />
35-->[androidx.core:core:1.10.1] AndroidManifest.xml:26:5-97
35-->[androidx.core:core:1.10.1] AndroidManifest.xml:26:22-94
36
37    <application
37-->src\main\AndroidManifest.xml:22:5-140:19
38        android:allowBackup="true"
38-->src\main\AndroidManifest.xml:23:9-35
39        android:appComponentFactory="androidx.core.app.CoreComponentFactory"
39-->[androidx.core:core:1.10.1] AndroidManifest.xml:28:18-86
40        android:dataExtractionRules="@xml/data_extraction_rules"
40-->src\main\AndroidManifest.xml:24:9-65
41        android:debuggable="true"
42        android:extractNativeLibs="false"
43        android:fullBackupContent="@xml/backup_rules"
43-->src\main\AndroidManifest.xml:25:9-54
44        android:icon="@mipmap/ic_launcher"
44-->src\main\AndroidManifest.xml:26:9-43
45        android:label="@string/app_name"
45-->src\main\AndroidManifest.xml:27:9-41
46        android:requestLegacyExternalStorage="true"
46-->src\main\AndroidManifest.xml:28:9-52
47        android:roundIcon="@mipmap/ic_launcher_round"
47-->src\main\AndroidManifest.xml:29:9-54
48        android:supportsRtl="true"
48-->src\main\AndroidManifest.xml:30:9-35
49        android:testOnly="true" >
50        <provider
50-->src\main\AndroidManifest.xml:34:9-42:20
51            android:name="androidx.core.content.FileProvider"
51-->src\main\AndroidManifest.xml:35:13-62
52            android:authorities="com.example.oya.fileprovider"
52-->src\main\AndroidManifest.xml:36:13-63
53            android:exported="false"
53-->src\main\AndroidManifest.xml:37:13-37
54            android:grantUriPermissions="true" >
54-->src\main\AndroidManifest.xml:38:13-47
55            <meta-data
55-->src\main\AndroidManifest.xml:39:13-41:54
56                android:name="android.support.FILE_PROVIDER_PATHS"
56-->src\main\AndroidManifest.xml:40:17-67
57                android:resource="@xml/file_paths" />
57-->src\main\AndroidManifest.xml:41:17-51
58        </provider>
59
60        <activity
60-->src\main\AndroidManifest.xml:44:9-47:40
61            android:name="com.example.oya.ShareNote"
61-->src\main\AndroidManifest.xml:45:13-38
62            android:exported="false"
62-->src\main\AndroidManifest.xml:47:13-37
63            android:theme="@style/Theme.Oya" />
63-->src\main\AndroidManifest.xml:46:13-45
64        <activity
64-->src\main\AndroidManifest.xml:48:9-51:48
65            android:name="com.example.oya.EditNote"
65-->src\main\AndroidManifest.xml:49:13-37
66            android:exported="false"
66-->src\main\AndroidManifest.xml:50:13-37
67            android:theme="@style/Theme.Oya" />
67-->src\main\AndroidManifest.xml:51:13-45
68        <activity
68-->src\main\AndroidManifest.xml:52:9-55:48
69            android:name="com.example.oya.UserProfileView"
69-->src\main\AndroidManifest.xml:53:13-44
70            android:exported="false"
70-->src\main\AndroidManifest.xml:54:13-37
71            android:theme="@style/Theme.Oya" />
71-->src\main\AndroidManifest.xml:55:13-45
72        <activity
72-->src\main\AndroidManifest.xml:56:9-59:48
73            android:name="com.example.oya.NotePad"
73-->src\main\AndroidManifest.xml:57:13-36
74            android:exported="false"
74-->src\main\AndroidManifest.xml:58:13-37
75            android:theme="@style/Theme.Oya" />
75-->src\main\AndroidManifest.xml:59:13-45
76        <activity
76-->src\main\AndroidManifest.xml:60:9-63:48
77            android:name="com.example.oya.CalendarActivity"
77-->src\main\AndroidManifest.xml:61:13-45
78            android:exported="false"
78-->src\main\AndroidManifest.xml:62:13-37
79            android:theme="@style/Theme.Oya" />
79-->src\main\AndroidManifest.xml:63:13-45
80        <activity
80-->src\main\AndroidManifest.xml:64:9-67:48
81            android:name="com.example.oya.NotesActivity"
81-->src\main\AndroidManifest.xml:65:13-42
82            android:exported="false"
82-->src\main\AndroidManifest.xml:66:13-37
83            android:theme="@style/Theme.Oya" />
83-->src\main\AndroidManifest.xml:67:13-45
84        <activity
84-->src\main\AndroidManifest.xml:68:9-71:48
85            android:name="com.example.oya.CalculatorActivity"
85-->src\main\AndroidManifest.xml:69:13-47
86            android:exported="false"
86-->src\main\AndroidManifest.xml:70:13-37
87            android:theme="@style/Theme.Oya" />
87-->src\main\AndroidManifest.xml:71:13-45
88        <activity
88-->src\main\AndroidManifest.xml:72:9-75:48
89            android:name="com.example.oya.VerifyOTP"
89-->src\main\AndroidManifest.xml:73:13-38
90            android:exported="false"
90-->src\main\AndroidManifest.xml:74:13-37
91            android:theme="@style/Theme.Oya" />
91-->src\main\AndroidManifest.xml:75:13-45
92
93        <service
93-->src\main\AndroidManifest.xml:77:9-83:19
94            android:name="com.example.oya.firebase.FirebaseManager"
94-->src\main\AndroidManifest.xml:78:13-53
95            android:exported="false" >
95-->src\main\AndroidManifest.xml:79:13-37
96            <intent-filter>
96-->src\main\AndroidManifest.xml:80:13-82:29
97                <action android:name="com.google.firebase.MESSAGING_EVENT" />
97-->src\main\AndroidManifest.xml:81:17-78
97-->src\main\AndroidManifest.xml:81:25-75
98            </intent-filter>
99        </service>
100
101        <activity
101-->src\main\AndroidManifest.xml:85:9-89:48
102            android:name="com.example.oya.selectUser"
102-->src\main\AndroidManifest.xml:86:13-39
103            android:exported="false"
103-->src\main\AndroidManifest.xml:87:13-37
104            android:resizeableActivity="true"
104-->src\main\AndroidManifest.xml:88:13-46
105            android:theme="@style/Theme.Oya" />
105-->src\main\AndroidManifest.xml:89:13-45
106        <activity
106-->src\main\AndroidManifest.xml:90:9-95:58
107            android:name="com.example.oya.UserchatActivity"
107-->src\main\AndroidManifest.xml:91:13-45
108            android:exported="false"
108-->src\main\AndroidManifest.xml:92:13-37
109            android:resizeableActivity="true"
109-->src\main\AndroidManifest.xml:93:13-46
110            android:theme="@style/Theme.Oya"
110-->src\main\AndroidManifest.xml:94:13-45
111            android:windowSoftInputMode="adjustResize" />
111-->src\main\AndroidManifest.xml:95:13-55
112        <activity
112-->src\main\AndroidManifest.xml:96:9-100:48
113            android:name="com.example.oya.editProfileActivity"
113-->src\main\AndroidManifest.xml:97:13-48
114            android:exported="false"
114-->src\main\AndroidManifest.xml:98:13-37
115            android:resizeableActivity="true"
115-->src\main\AndroidManifest.xml:99:13-46
116            android:theme="@style/Theme.Oya" />
116-->src\main\AndroidManifest.xml:100:13-45
117        <activity
117-->src\main\AndroidManifest.xml:101:9-105:48
118            android:name="com.example.oya.homeActivity"
118-->src\main\AndroidManifest.xml:102:13-41
119            android:exported="false"
119-->src\main\AndroidManifest.xml:103:13-37
120            android:resizeableActivity="true"
120-->src\main\AndroidManifest.xml:104:13-46
121            android:theme="@style/Theme.Oya" />
121-->src\main\AndroidManifest.xml:105:13-45
122        <activity
122-->src\main\AndroidManifest.xml:106:9-112:48
123            android:name="com.example.oya.setProfile"
123-->src\main\AndroidManifest.xml:107:13-39
124            android:configChanges="orientation|screenSize|keyboardHidden"
124-->src\main\AndroidManifest.xml:108:13-74
125            android:exported="false"
125-->src\main\AndroidManifest.xml:109:13-37
126            android:launchMode="singleTop"
126-->src\main\AndroidManifest.xml:110:13-43
127            android:resizeableActivity="true"
127-->src\main\AndroidManifest.xml:111:13-46
128            android:theme="@style/Theme.Oya" />
128-->src\main\AndroidManifest.xml:112:13-45
129        <activity
129-->src\main\AndroidManifest.xml:113:9-118:48
130            android:name="com.example.oya.SignUp"
130-->src\main\AndroidManifest.xml:114:13-35
131            android:exported="false"
131-->src\main\AndroidManifest.xml:115:13-37
132            android:launchMode="singleTop"
132-->src\main\AndroidManifest.xml:116:13-43
133            android:resizeableActivity="true"
133-->src\main\AndroidManifest.xml:117:13-46
134            android:theme="@style/Theme.Oya" />
134-->src\main\AndroidManifest.xml:118:13-45
135        <activity
135-->src\main\AndroidManifest.xml:119:9-131:20
136            android:name="com.example.oya.MainActivity"
136-->src\main\AndroidManifest.xml:120:13-41
137            android:exported="true"
137-->src\main\AndroidManifest.xml:121:13-36
138            android:resizeableActivity="true"
138-->src\main\AndroidManifest.xml:122:13-46
139            android:screenOrientation="portrait"
139-->src\main\AndroidManifest.xml:123:13-49
140            android:supportsRtl="true"
140-->src\main\AndroidManifest.xml:124:13-39
141            android:theme="@style/Theme.Oya" >
141-->src\main\AndroidManifest.xml:125:13-45
142            <intent-filter>
142-->src\main\AndroidManifest.xml:126:13-130:29
143                <action android:name="android.intent.action.MAIN" />
143-->src\main\AndroidManifest.xml:127:17-69
143-->src\main\AndroidManifest.xml:127:25-66
144
145                <category android:name="android.intent.category.LAUNCHER" />
145-->src\main\AndroidManifest.xml:129:17-77
145-->src\main\AndroidManifest.xml:129:27-74
146            </intent-filter>
147        </activity>
148
149        <service
149-->src\main\AndroidManifest.xml:77:9-83:19
150            android:name="com.example.oya.firebase.FirebaseManager"
150-->src\main\AndroidManifest.xml:78:13-53
151            android:exported="false" >
151-->src\main\AndroidManifest.xml:79:13-37
152            <intent-filter>
152-->src\main\AndroidManifest.xml:80:13-82:29
153                <action android:name="com.google.firebase.MESSAGING_EVENT" />
153-->src\main\AndroidManifest.xml:81:17-78
153-->src\main\AndroidManifest.xml:81:25-75
154            </intent-filter>
155        </service>
156
157        <activity
157-->[com.karumi:dexter:4.2.0] AndroidManifest.xml:27:9-29:72
158            android:name="com.karumi.dexter.DexterActivity"
158-->[com.karumi:dexter:4.2.0] AndroidManifest.xml:28:13-60
159            android:theme="@style/Dexter.Internal.Theme.Transparent" />
159-->[com.karumi:dexter:4.2.0] AndroidManifest.xml:29:13-69
160        <activity
160-->[com.google.firebase:firebase-auth:22.3.0] AndroidManifest.xml:29:9-46:20
161            android:name="com.google.firebase.auth.internal.GenericIdpActivity"
161-->[com.google.firebase:firebase-auth:22.3.0] AndroidManifest.xml:30:13-80
162            android:excludeFromRecents="true"
162-->[com.google.firebase:firebase-auth:22.3.0] AndroidManifest.xml:31:13-46
163            android:exported="true"
163-->[com.google.firebase:firebase-auth:22.3.0] AndroidManifest.xml:32:13-36
164            android:launchMode="singleTask"
164-->[com.google.firebase:firebase-auth:22.3.0] AndroidManifest.xml:33:13-44
165            android:theme="@android:style/Theme.Translucent.NoTitleBar" >
165-->[com.google.firebase:firebase-auth:22.3.0] AndroidManifest.xml:34:13-72
166            <intent-filter>
166-->[com.google.firebase:firebase-auth:22.3.0] AndroidManifest.xml:35:13-45:29
167                <action android:name="android.intent.action.VIEW" />
167-->[com.google.firebase:firebase-auth:22.3.0] AndroidManifest.xml:36:17-69
167-->[com.google.firebase:firebase-auth:22.3.0] AndroidManifest.xml:36:25-66
168
169                <category android:name="android.intent.category.DEFAULT" />
169-->[com.google.firebase:firebase-auth:22.3.0] AndroidManifest.xml:38:17-76
169-->[com.google.firebase:firebase-auth:22.3.0] AndroidManifest.xml:38:27-73
170                <category android:name="android.intent.category.BROWSABLE" />
170-->[com.google.firebase:firebase-auth:22.3.0] AndroidManifest.xml:39:17-78
170-->[com.google.firebase:firebase-auth:22.3.0] AndroidManifest.xml:39:27-75
171
172                <data
172-->[com.google.firebase:firebase-auth:22.3.0] AndroidManifest.xml:41:17-44:51
173                    android:host="firebase.auth"
173-->[com.google.firebase:firebase-auth:22.3.0] AndroidManifest.xml:42:21-49
174                    android:path="/"
174-->[com.google.firebase:firebase-auth:22.3.0] AndroidManifest.xml:43:21-37
175                    android:scheme="genericidp" />
175-->[com.google.firebase:firebase-auth:22.3.0] AndroidManifest.xml:44:21-48
176            </intent-filter>
177        </activity>
178        <activity
178-->[com.google.firebase:firebase-auth:22.3.0] AndroidManifest.xml:47:9-64:20
179            android:name="com.google.firebase.auth.internal.RecaptchaActivity"
179-->[com.google.firebase:firebase-auth:22.3.0] AndroidManifest.xml:48:13-79
180            android:excludeFromRecents="true"
180-->[com.google.firebase:firebase-auth:22.3.0] AndroidManifest.xml:49:13-46
181            android:exported="true"
181-->[com.google.firebase:firebase-auth:22.3.0] AndroidManifest.xml:50:13-36
182            android:launchMode="singleTask"
182-->[com.google.firebase:firebase-auth:22.3.0] AndroidManifest.xml:51:13-44
183            android:theme="@android:style/Theme.Translucent.NoTitleBar" >
183-->[com.google.firebase:firebase-auth:22.3.0] AndroidManifest.xml:52:13-72
184            <intent-filter>
184-->[com.google.firebase:firebase-auth:22.3.0] AndroidManifest.xml:53:13-63:29
185                <action android:name="android.intent.action.VIEW" />
185-->[com.google.firebase:firebase-auth:22.3.0] AndroidManifest.xml:36:17-69
185-->[com.google.firebase:firebase-auth:22.3.0] AndroidManifest.xml:36:25-66
186
187                <category android:name="android.intent.category.DEFAULT" />
187-->[com.google.firebase:firebase-auth:22.3.0] AndroidManifest.xml:38:17-76
187-->[com.google.firebase:firebase-auth:22.3.0] AndroidManifest.xml:38:27-73
188                <category android:name="android.intent.category.BROWSABLE" />
188-->[com.google.firebase:firebase-auth:22.3.0] AndroidManifest.xml:39:17-78
188-->[com.google.firebase:firebase-auth:22.3.0] AndroidManifest.xml:39:27-75
189
190                <data
190-->[com.google.firebase:firebase-auth:22.3.0] AndroidManifest.xml:41:17-44:51
191                    android:host="firebase.auth"
191-->[com.google.firebase:firebase-auth:22.3.0] AndroidManifest.xml:42:21-49
192                    android:path="/"
192-->[com.google.firebase:firebase-auth:22.3.0] AndroidManifest.xml:43:21-37
193                    android:scheme="recaptcha" />
193-->[com.google.firebase:firebase-auth:22.3.0] AndroidManifest.xml:44:21-48
194            </intent-filter>
195        </activity>
196
197        <service
197-->[com.google.firebase:firebase-auth:22.3.0] AndroidManifest.xml:66:9-72:19
198            android:name="com.google.firebase.components.ComponentDiscoveryService"
198-->[com.google.firebase:firebase-auth:22.3.0] AndroidManifest.xml:67:13-84
199            android:directBootAware="true"
199-->[com.google.firebase:firebase-common:20.4.2] AndroidManifest.xml:32:13-43
200            android:exported="false" >
200-->[com.google.firebase:firebase-auth:22.3.0] AndroidManifest.xml:68:13-37
201            <meta-data
201-->[com.google.firebase:firebase-auth:22.3.0] AndroidManifest.xml:69:13-71:85
202                android:name="com.google.firebase.components:com.google.firebase.auth.FirebaseAuthRegistrar"
202-->[com.google.firebase:firebase-auth:22.3.0] AndroidManifest.xml:70:17-109
203                android:value="com.google.firebase.components.ComponentRegistrar" />
203-->[com.google.firebase:firebase-auth:22.3.0] AndroidManifest.xml:71:17-82
204            <meta-data
204-->[com.google.firebase:firebase-database-ktx:20.2.2] AndroidManifest.xml:14:13-16:85
205                android:name="com.google.firebase.components:com.google.firebase.database.ktx.FirebaseDatabaseKtxRegistrar"
205-->[com.google.firebase:firebase-database-ktx:20.2.2] AndroidManifest.xml:15:17-124
206                android:value="com.google.firebase.components.ComponentRegistrar" />
206-->[com.google.firebase:firebase-database-ktx:20.2.2] AndroidManifest.xml:16:17-82
207            <meta-data
207-->[com.google.firebase:firebase-firestore-ktx:24.7.1] AndroidManifest.xml:12:13-14:85
208                android:name="com.google.firebase.components:com.google.firebase.firestore.ktx.FirebaseFirestoreKtxRegistrar"
208-->[com.google.firebase:firebase-firestore-ktx:24.7.1] AndroidManifest.xml:13:17-126
209                android:value="com.google.firebase.components.ComponentRegistrar" />
209-->[com.google.firebase:firebase-firestore-ktx:24.7.1] AndroidManifest.xml:14:17-82
210            <meta-data
210-->[com.google.firebase:firebase-storage-ktx:20.2.1] AndroidManifest.xml:14:13-16:85
211                android:name="com.google.firebase.components:com.google.firebase.storage.ktx.FirebaseStorageKtxRegistrar"
211-->[com.google.firebase:firebase-storage-ktx:20.2.1] AndroidManifest.xml:15:17-122
212                android:value="com.google.firebase.components.ComponentRegistrar" />
212-->[com.google.firebase:firebase-storage-ktx:20.2.1] AndroidManifest.xml:16:17-82
213            <meta-data
213-->[com.google.firebase:firebase-database:20.2.2] AndroidManifest.xml:31:13-33:85
214                android:name="com.google.firebase.components:com.google.firebase.database.DatabaseRegistrar"
214-->[com.google.firebase:firebase-database:20.2.2] AndroidManifest.xml:32:17-109
215                android:value="com.google.firebase.components.ComponentRegistrar" />
215-->[com.google.firebase:firebase-database:20.2.2] AndroidManifest.xml:33:17-82
216            <meta-data
216-->[com.google.firebase:firebase-messaging:23.3.1] AndroidManifest.xml:57:13-59:85
217                android:name="com.google.firebase.components:com.google.firebase.messaging.FirebaseMessagingKtxRegistrar"
217-->[com.google.firebase:firebase-messaging:23.3.1] AndroidManifest.xml:58:17-122
218                android:value="com.google.firebase.components.ComponentRegistrar" />
218-->[com.google.firebase:firebase-messaging:23.3.1] AndroidManifest.xml:59:17-82
219            <meta-data
219-->[com.google.firebase:firebase-messaging:23.3.1] AndroidManifest.xml:60:13-62:85
220                android:name="com.google.firebase.components:com.google.firebase.messaging.FirebaseMessagingRegistrar"
220-->[com.google.firebase:firebase-messaging:23.3.1] AndroidManifest.xml:61:17-119
221                android:value="com.google.firebase.components.ComponentRegistrar" />
221-->[com.google.firebase:firebase-messaging:23.3.1] AndroidManifest.xml:62:17-82
222            <meta-data
222-->[com.google.firebase:firebase-firestore:24.7.1] AndroidManifest.xml:17:13-19:85
223                android:name="com.google.firebase.components:com.google.firebase.firestore.FirestoreRegistrar"
223-->[com.google.firebase:firebase-firestore:24.7.1] AndroidManifest.xml:18:17-111
224                android:value="com.google.firebase.components.ComponentRegistrar" />
224-->[com.google.firebase:firebase-firestore:24.7.1] AndroidManifest.xml:19:17-82
225            <meta-data
225-->[com.google.firebase:firebase-storage:20.2.1] AndroidManifest.xml:32:13-34:85
226                android:name="com.google.firebase.components:com.google.firebase.storage.StorageRegistrar"
226-->[com.google.firebase:firebase-storage:20.2.1] AndroidManifest.xml:33:17-107
227                android:value="com.google.firebase.components.ComponentRegistrar" />
227-->[com.google.firebase:firebase-storage:20.2.1] AndroidManifest.xml:34:17-82
228            <meta-data
228-->[com.google.android.gms:play-services-measurement-api:21.1.1] AndroidManifest.xml:31:13-33:85
229                android:name="com.google.firebase.components:com.google.firebase.analytics.connector.internal.AnalyticsConnectorRegistrar"
229-->[com.google.android.gms:play-services-measurement-api:21.1.1] AndroidManifest.xml:32:17-139
230                android:value="com.google.firebase.components.ComponentRegistrar" />
230-->[com.google.android.gms:play-services-measurement-api:21.1.1] AndroidManifest.xml:33:17-82
231            <meta-data
231-->[com.google.firebase:firebase-installations:17.2.0] AndroidManifest.xml:15:13-17:85
232                android:name="com.google.firebase.components:com.google.firebase.installations.FirebaseInstallationsKtxRegistrar"
232-->[com.google.firebase:firebase-installations:17.2.0] AndroidManifest.xml:16:17-130
233                android:value="com.google.firebase.components.ComponentRegistrar" />
233-->[com.google.firebase:firebase-installations:17.2.0] AndroidManifest.xml:17:17-82
234            <meta-data
234-->[com.google.firebase:firebase-installations:17.2.0] AndroidManifest.xml:18:13-20:85
235                android:name="com.google.firebase.components:com.google.firebase.installations.FirebaseInstallationsRegistrar"
235-->[com.google.firebase:firebase-installations:17.2.0] AndroidManifest.xml:19:17-127
236                android:value="com.google.firebase.components.ComponentRegistrar" />
236-->[com.google.firebase:firebase-installations:17.2.0] AndroidManifest.xml:20:17-82
237            <meta-data
237-->[com.google.firebase:firebase-common-ktx:20.4.2] AndroidManifest.xml:12:13-14:85
238                android:name="com.google.firebase.components:com.google.firebase.ktx.FirebaseCommonLegacyRegistrar"
238-->[com.google.firebase:firebase-common-ktx:20.4.2] AndroidManifest.xml:13:17-116
239                android:value="com.google.firebase.components.ComponentRegistrar" />
239-->[com.google.firebase:firebase-common-ktx:20.4.2] AndroidManifest.xml:14:17-82
240            <meta-data
240-->[com.google.firebase:firebase-common:20.4.2] AndroidManifest.xml:35:13-37:85
241                android:name="com.google.firebase.components:com.google.firebase.FirebaseCommonKtxRegistrar"
241-->[com.google.firebase:firebase-common:20.4.2] AndroidManifest.xml:36:17-109
242                android:value="com.google.firebase.components.ComponentRegistrar" />
242-->[com.google.firebase:firebase-common:20.4.2] AndroidManifest.xml:37:17-82
243            <meta-data
243-->[com.google.firebase:firebase-datatransport:18.1.7] AndroidManifest.xml:27:13-29:85
244                android:name="com.google.firebase.components:com.google.firebase.datatransport.TransportRegistrar"
244-->[com.google.firebase:firebase-datatransport:18.1.7] AndroidManifest.xml:28:17-115
245                android:value="com.google.firebase.components.ComponentRegistrar" />
245-->[com.google.firebase:firebase-datatransport:18.1.7] AndroidManifest.xml:29:17-82
246        </service>
247
248        <receiver
248-->[com.google.firebase:firebase-messaging:23.3.1] AndroidManifest.xml:29:9-40:20
249            android:name="com.google.firebase.iid.FirebaseInstanceIdReceiver"
249-->[com.google.firebase:firebase-messaging:23.3.1] AndroidManifest.xml:30:13-78
250            android:exported="true"
250-->[com.google.firebase:firebase-messaging:23.3.1] AndroidManifest.xml:31:13-36
251            android:permission="com.google.android.c2dm.permission.SEND" >
251-->[com.google.firebase:firebase-messaging:23.3.1] AndroidManifest.xml:32:13-73
252            <intent-filter>
252-->[com.google.firebase:firebase-messaging:23.3.1] AndroidManifest.xml:33:13-35:29
253                <action android:name="com.google.android.c2dm.intent.RECEIVE" />
253-->[com.google.firebase:firebase-messaging:23.3.1] AndroidManifest.xml:34:17-81
253-->[com.google.firebase:firebase-messaging:23.3.1] AndroidManifest.xml:34:25-78
254            </intent-filter>
255
256            <meta-data
256-->[com.google.firebase:firebase-messaging:23.3.1] AndroidManifest.xml:37:13-39:40
257                android:name="com.google.android.gms.cloudmessaging.FINISHED_AFTER_HANDLED"
257-->[com.google.firebase:firebase-messaging:23.3.1] AndroidManifest.xml:38:17-92
258                android:value="true" />
258-->[com.google.firebase:firebase-messaging:23.3.1] AndroidManifest.xml:39:17-37
259        </receiver>
260        <!--
261             FirebaseMessagingService performs security checks at runtime,
262             but set to not exported to explicitly avoid allowing another app to call it.
263        -->
264        <service
264-->[com.google.firebase:firebase-messaging:23.3.1] AndroidManifest.xml:46:9-53:19
265            android:name="com.google.firebase.messaging.FirebaseMessagingService"
265-->[com.google.firebase:firebase-messaging:23.3.1] AndroidManifest.xml:47:13-82
266            android:directBootAware="true"
266-->[com.google.firebase:firebase-messaging:23.3.1] AndroidManifest.xml:48:13-43
267            android:exported="false" >
267-->[com.google.firebase:firebase-messaging:23.3.1] AndroidManifest.xml:49:13-37
268            <intent-filter android:priority="-500" >
268-->src\main\AndroidManifest.xml:80:13-82:29
269                <action android:name="com.google.firebase.MESSAGING_EVENT" />
269-->src\main\AndroidManifest.xml:81:17-78
269-->src\main\AndroidManifest.xml:81:25-75
270            </intent-filter>
271        </service>
272
273        <provider
273-->[com.google.firebase:firebase-common:20.4.2] AndroidManifest.xml:23:9-28:39
274            android:name="com.google.firebase.provider.FirebaseInitProvider"
274-->[com.google.firebase:firebase-common:20.4.2] AndroidManifest.xml:24:13-77
275            android:authorities="com.example.oya.firebaseinitprovider"
275-->[com.google.firebase:firebase-common:20.4.2] AndroidManifest.xml:25:13-72
276            android:directBootAware="true"
276-->[com.google.firebase:firebase-common:20.4.2] AndroidManifest.xml:26:13-43
277            android:exported="false"
277-->[com.google.firebase:firebase-common:20.4.2] AndroidManifest.xml:27:13-37
278            android:initOrder="100" />
278-->[com.google.firebase:firebase-common:20.4.2] AndroidManifest.xml:28:13-36
279
280        <activity
280-->[com.google.android.gms:play-services-base:18.1.0] AndroidManifest.xml:20:9-22:45
281            android:name="com.google.android.gms.common.api.GoogleApiActivity"
281-->[com.google.android.gms:play-services-base:18.1.0] AndroidManifest.xml:20:19-85
282            android:exported="false"
282-->[com.google.android.gms:play-services-base:18.1.0] AndroidManifest.xml:22:19-43